<?xml version="1.0" encoding="UTF-8"?>
<!-- Generated by org.testng.reporters.JUnitXMLReporter -->
<testsuite ignored="0" hostname="DESKTOP-B94R4DD" failures="0" tests="3" name="Default test" time="52.409" errors="0" timestamp="2026-07-13T23:59:27 IST">
  <testcase classname="july13_TestNG.DynamicSearchAndListDropdown" name="dynamicSearch_Example1" time="6.809"/>
  <testcase classname="july13_TestNG.DynamicSearchAndListDropdown" name="dynamicSearch_Example2" time="12.294"/>
  <testcase classname="july13_TestNG.DynamicSearchAndListDropdown" name="dynamicSearch_Example3" time="9.142"/>
</testsuite> <!-- Default test -->
