<?xml version="1.0" encoding="UTF-8"?>
<!-- Generated by org.testng.reporters.JUnitXMLReporter -->
<testsuite ignored="0" hostname="DESKTOP-B94R4DD" failures="0" tests="3" name="Default test" time="107.715" errors="0" timestamp="2026-07-17T12:49:28 IST">
  <testcase classname="july15_TestNG.DynamicSearchAndListDropdown" name="dynamicSearchAndDropdownExample1" time="25.448"/>
  <testcase classname="july15_TestNG.DynamicSearchAndListDropdown" name="dynamicSearchAndDropdownExample2" time="13.602"/>
  <testcase classname="july15_TestNG.DynamicSearchAndListDropdown" name="dynamicSearchAndDropdownExample3" time="20.606"/>
</testsuite> <!-- Default test -->
