<?xml version="1.0" encoding="UTF-8"?>
<testng-results ignored="0" total="2" passed="2" failed="0" skipped="0">
  <reporter-output>
  </reporter-output>
  <suite started-at="2026-07-06T23:11:22 IST" name="Default suite" finished-at="2026-07-06T23:12:10 IST" duration-ms="47550">
    <groups>
    </groups>
    <test started-at="2026-07-06T23:11:22 IST" name="Default test" finished-at="2026-07-06T23:12:10 IST" duration-ms="47550">
      <class name="july05_TestNG.DataDrivenWithDataProviderAnnotation">
        <test-method is-config="true" signature="setup()[pri:0, instance:july05_TestNG.DataDrivenWithDataProviderAnnotation@14bdbc74]" started-at="2026-07-06T23:11:23 IST" name="setup" finished-at="2026-07-06T23:11:29 IST" duration-ms="6892" status="PASS">
          <reporter-output>
          </reporter-output>
        </test-method> <!-- setup -->
        <test-method signature="searchItems(java.lang.String)[pri:0, instance:july05_TestNG.DataDrivenWithDataProviderAnnotation@14bdbc74]" started-at="2026-07-06T23:11:30 IST" name="searchItems" data-provider="product" finished-at="2026-07-06T23:11:46 IST" duration-ms="16297" status="PASS">
          <params>
            <param index="0">
              <value>
                <![CDATA[pendrive]]>
              </value>
            </param>
          </params>
          <reporter-output>
          </reporter-output>
        </test-method> <!-- searchItems -->
        <test-method is-config="true" signature="tearDown()[pri:0, instance:july05_TestNG.DataDrivenWithDataProviderAnnotation@14bdbc74]" started-at="2026-07-06T23:11:46 IST" name="tearDown" finished-at="2026-07-06T23:11:47 IST" duration-ms="1091" status="PASS">
          <reporter-output>
          </reporter-output>
        </test-method> <!-- tearDown -->
        <test-method is-config="true" signature="setup()[pri:0, instance:july05_TestNG.DataDrivenWithDataProviderAnnotation@14bdbc74]" started-at="2026-07-06T23:11:47 IST" name="setup" finished-at="2026-07-06T23:11:53 IST" duration-ms="5654" status="PASS">
          <reporter-output>
          </reporter-output>
        </test-method> <!-- setup -->
        <test-method signature="searchItems(java.lang.String)[pri:0, instance:july05_TestNG.DataDrivenWithDataProviderAnnotation@14bdbc74]" started-at="2026-07-06T23:11:53 IST" name="searchItems" data-provider="product" finished-at="2026-07-06T23:12:09 IST" duration-ms="16508" status="PASS">
          <params>
            <param index="0">
              <value>
                <![CDATA[keyboard]]>
              </value>
            </param>
          </params>
          <reporter-output>
          </reporter-output>
        </test-method> <!-- searchItems -->
        <test-method is-config="true" signature="tearDown()[pri:0, instance:july05_TestNG.DataDrivenWithDataProviderAnnotation@14bdbc74]" started-at="2026-07-06T23:12:09 IST" name="tearDown" finished-at="2026-07-06T23:12:10 IST" duration-ms="636" status="PASS">
          <reporter-output>
          </reporter-output>
        </test-method> <!-- tearDown -->
      </class> <!-- july05_TestNG.DataDrivenWithDataProviderAnnotation -->
    </test> <!-- Default test -->
  </suite> <!-- Default suite -->
</testng-results>
