<?xml version="1.0" encoding="UTF-8"?>
<!-- Generated by org.testng.reporters.JUnitReportReporter -->
<testsuite hostname="DESKTOP-B94R4DD" failures="0" tests="2" name="july07_TestNG.DynamicTestRunner" time="63.402" errors="0" timestamp="2026-07-07T16:44:42 IST" skipped="0">
  <testcase classname="july07_TestNG.DynamicTestRunner" name="searchProd" time="38.918"/>
  <testcase classname="july07_TestNG.DynamicTestRunner" name="dynamicSearchAndListDropdown" time="24.484"/>
</testsuite> <!-- july07_TestNG.DynamicTestRunner -->
