<?xml version="1.0" encoding="UTF-8"?>
<!-- Generated by org.testng.reporters.JUnitReportReporter -->
<testsuite hostname="DESKTOP-B94R4DD" failures="0" tests="2" name="july06_TestNG.DynamicSearchAndListDropdown" time="49.979" errors="0" timestamp="2026-07-06T22:39:56 IST" skipped="0">
  <testcase classname="july06_TestNG.DynamicSearchAndListDropdown" name="dynamicSearchExample1" time="32.319"/>
  <testcase classname="july06_TestNG.DynamicSearchAndListDropdown" name="dynamicSearchExample2" time="17.660"/>
</testsuite> <!-- july06_TestNG.DynamicSearchAndListDropdown -->
