<?xml version="1.0" encoding="UTF-8"?>
<!-- Generated by org.testng.reporters.JUnitReportReporter -->
<testsuite hostname="DESKTOP-B94R4DD" failures="0" tests="3" name="july06_TestNG.StaticDropdown" time="49.037" errors="0" timestamp="2026-07-06T23:04:56 IST" skipped="0">
  <testcase classname="july06_TestNG.StaticDropdown" name="staticDropdownSelectByValue" time="17.728"/>
  <testcase classname="july06_TestNG.StaticDropdown" name="staticDropdownSelectBySendKeysAction" time="13.323"/>
  <testcase classname="july06_TestNG.StaticDropdown" name="staticDropdownSelectByIndex" time="17.986"/>
</testsuite> <!-- july06_TestNG.StaticDropdown -->
