<?xml version="1.0" encoding="UTF-8"?>
<!-- Generated by org.testng.reporters.JUnitReportReporter -->
<testsuite hostname="DESKTOP-B94R4DD" failures="0" tests="3" name="july15_TestNG.DynamicSearchAndListDropdown" time="105.675" errors="0" timestamp="2026-07-17T12:49:28 IST" skipped="0">
  <testcase classname="july15_TestNG.DynamicSearchAndListDropdown" name="dynamicSearchAndDropdownExample3" time="51.821"/>
  <testcase classname="july15_TestNG.DynamicSearchAndListDropdown" name="dynamicSearchAndDropdownExample1" time="33.028"/>
  <testcase classname="july15_TestNG.DynamicSearchAndListDropdown" name="dynamicSearchAndDropdownExample2" time="20.826"/>
</testsuite> <!-- july15_TestNG.DynamicSearchAndListDropdown -->
