<?xml version="1.0" encoding="UTF-8"?>
<!-- Generated by org.testng.reporters.JUnitReportReporter -->
<testsuite hostname="DESKTOP-B94R4DD" failures="0" tests="3" name="july13_TestNG.DynamicSearchAndListDropdown" time="51.629" errors="0" timestamp="2026-07-13T23:59:28 IST" skipped="0">
  <testcase classname="july13_TestNG.DynamicSearchAndListDropdown" name="dynamicSearch_Example1" time="10.783"/>
  <testcase classname="july13_TestNG.DynamicSearchAndListDropdown" name="dynamicSearch_Example2" time="22.531"/>
  <testcase classname="july13_TestNG.DynamicSearchAndListDropdown" name="dynamicSearch_Example3" time="18.315"/>
</testsuite> <!-- july13_TestNG.DynamicSearchAndListDropdown -->
