<?xml version="1.0" encoding="UTF-8"?>
<!-- Generated by org.testng.reporters.JUnitReportReporter -->
<testsuite hostname="DESKTOP-B94R4DD" failures="0" tests="3" name="july09_TestNG.SwapingTwoNumbers" time="0.266" errors="0" timestamp="2026-07-09T17:50:04 IST" skipped="0">
  <testcase classname="july09_TestNG.SwapingTwoNumbers" name="afterSwaping_Login_1" time="0.037"/>
  <testcase classname="july09_TestNG.SwapingTwoNumbers" name="beforeSwaping" time="0.040"/>
  <testcase classname="july09_TestNG.SwapingTwoNumbers" name="afterSwapingLogin_2" time="0.189"/>
</testsuite> <!-- july09_TestNG.SwapingTwoNumbers -->
