<?xml version="1.0" encoding="UTF-8"?>
<!-- Generated by org.testng.reporters.JUnitReportReporter -->
<testsuite hostname="DESKTOP-B94R4DD" failures="0" tests="3" name="july24_TestNG.MouseHoverOverRightClickAction" time="12.534" errors="0" timestamp="2026-07-28T17:07:07 IST" skipped="0">
  <testcase classname="july24_TestNG.MouseHoverOverRightClickAction" name="mouseHoverOverRightClickActionOnInstagramLink" time="4.542"/>
  <testcase classname="july24_TestNG.MouseHoverOverRightClickAction" name="robotClass" time="3.171"/>
  <testcase classname="july24_TestNG.MouseHoverOverRightClickAction" name="windowHandles" time="4.821"/>
</testsuite> <!-- july24_TestNG.MouseHoverOverRightClickAction -->
