<?xml version="1.0" encoding="UTF-8"?>
<!-- Generated by org.testng.reporters.JUnitReportReporter -->
<testsuite hostname="DESKTOP-B94R4DD" failures="0" tests="3" name="july13_TestNG.MouseHoverOverAction" time="6.021" errors="0" timestamp="2026-07-13T23:25:01 IST" skipped="0">
  <testcase classname="july13_TestNG.MouseHoverOverAction" name="mouseHoverOverInsta" time="1.909"/>
  <testcase classname="july13_TestNG.MouseHoverOverAction" name="robotClass" time="2.139"/>
  <testcase classname="july13_TestNG.MouseHoverOverAction" name="windowHandes" time="1.973"/>
</testsuite> <!-- july13_TestNG.MouseHoverOverAction -->
