<?xml version="1.0" encoding="UTF-8"?>
<!-- Generated by org.testng.reporters.JUnitReportReporter -->
<testsuite hostname="DESKTOP-B94R4DD" failures="0" tests="2" name="july05_TestNG.DataDrivenWithDataProviderAnnotation" time="47.078" errors="0" timestamp="2026-07-06T23:12:10 IST" skipped="0">
  <testcase classname="july05_TestNG.DataDrivenWithDataProviderAnnotation" name="searchItems" time="24.280"/>
  <testcase classname="july05_TestNG.DataDrivenWithDataProviderAnnotation" name="searchItems" time="22.798"/>
</testsuite> <!-- july05_TestNG.DataDrivenWithDataProviderAnnotation -->
