<?xml version="1.0" encoding="UTF-8"?>
<!-- Generated by org.testng.reporters.JUnitReportReporter -->
<testsuite hostname="DESKTOP-B94R4DD" failures="0" tests="3" name="july27_TestNG.DynamicSearchAndListDropdown" time="87.469" errors="0" timestamp="2026-07-27T23:58:56 IST" skipped="0">
  <testcase classname="july27_TestNG.DynamicSearchAndListDropdown" name="dynamicSearchAndDropdown_Example_3" time="31.117"/>
  <testcase classname="july27_TestNG.DynamicSearchAndListDropdown" name="dynamicSearchAndDropdown_Example_2" time="25.708"/>
  <testcase classname="july27_TestNG.DynamicSearchAndListDropdown" name="dynamicSearchAndDropdown_Example_1" time="30.644"/>
</testsuite> <!-- july27_TestNG.DynamicSearchAndListDropdown -->
