<?xml version="1.0" encoding="UTF-8"?>
<!-- Generated by org.testng.reporters.JUnitReportReporter -->
<testsuite hostname="DESKTOP-B94R4DD" failures="0" tests="2" name="july07_TestNG.DynamicTestRunner" time="62.725" errors="0" timestamp="2026-07-07T17:45:55 IST" skipped="0">
  <testcase classname="july07_TestNG.DynamicTestRunner" name="dynamicSearchAndListDropdown" time="27.012"/>
  <testcase classname="july07_TestNG.DynamicTestRunner" name="searchProd" time="35.713"/>
</testsuite> <!-- july07_TestNG.DynamicTestRunner -->
