<?xml version="1.0" encoding="UTF-8"?>
<!-- Generated by org.testng.reporters.JUnitReportReporter -->
<testsuite hostname="DESKTOP-B94R4DD" failures="0" tests="3" name="july27_TestNG.MouseHoverOverActions" time="7.916" errors="0" timestamp="2026-07-27T23:24:06 IST" skipped="0">
  <testcase classname="july27_TestNG.MouseHoverOverActions" name="mouseHoverOverInstagramAndRightClick" time="2.504"/>
  <testcase classname="july27_TestNG.MouseHoverOverActions" name="robot" time="3.509"/>
  <testcase classname="july27_TestNG.MouseHoverOverActions" name="windowHandles" time="1.903"/>
</testsuite> <!-- july27_TestNG.MouseHoverOverActions -->
