<?xml version="1.0" encoding="UTF-8"?>
<!-- Generated by org.testng.reporters.JUnitReportReporter -->
<testsuite hostname="DESKTOP-B94R4DD" failures="0" tests="3" name="july06_TestNG.MouseHoverOverAction" time="7.258" errors="0" timestamp="2026-07-06T18:39:19 IST" skipped="0">
  <testcase classname="july06_TestNG.MouseHoverOverAction" name="mouseHoverOverInstagramLink" time="1.715"/>
  <testcase classname="july06_TestNG.MouseHoverOverAction" name="robotClass" time="3.002"/>
  <testcase classname="july06_TestNG.MouseHoverOverAction" name="windowHandles" time="2.541"/>
</testsuite> <!-- july06_TestNG.MouseHoverOverAction -->
